  Ana.cpp
c:\program files (x86)\windows kits\8.1\include\um\dbghelp.h(1544): warning C4091: 'typedef ': ignored on left of '' when no variable is declared
c:\program files (x86)\windows kits\8.1\include\um\dbghelp.h(3190): warning C4091: 'typedef ': ignored on left of '' when no variable is declared
c:\program files (x86)\windows kits\8.1\include\shared\ntstatus.h(66): warning C4005: 'STATUS_WAIT_0': macro redefinition
  c:\program files (x86)\windows kits\8.1\include\um\winnt.h(2210): note: see previous definition of 'STATUS_WAIT_0'
c:\program files (x86)\windows kits\8.1\include\shared\ntstatus.h(212): warning C4005: 'STATUS_ABANDONED_WAIT_0': macro redefinition
  c:\program files (x86)\windows kits\8.1\include\um\winnt.h(2211): note: see previous definition of 'STATUS_ABANDONED_WAIT_0'
c:\program files (x86)\windows kits\8.1\include\shared\ntstatus.h(235): warning C4005: 'STATUS_USER_APC': macro redefinition
  c:\program files (x86)\windows kits\8.1\include\um\winnt.h(2212): note: see previous definition of 'STATUS_USER_APC'
c:\program files (x86)\windows kits\8.1\include\shared\ntstatus.h(262): warning C4005: 'STATUS_TIMEOUT': macro redefinition
  c:\program files (x86)\windows kits\8.1\include\um\winnt.h(2213): note: see previous definition of 'STATUS_TIMEOUT'
c:\program files (x86)\windows kits\8.1\include\shared\ntstatus.h(271): warning C4005: 'STATUS_PENDING': macro redefinition
  c:\program files (x86)\windows kits\8.1\include\um\winnt.h(2214): note: see previous definition of 'STATUS_PENDING'
c:\program files (x86)\windows kits\8.1\include\shared\ntstatus.h(682): warning C4005: 'DBG_EXCEPTION_HANDLED': macro redefinition
  c:\program files (x86)\windows kits\8.1\include\um\winnt.h(2215): note: see previous definition of 'DBG_EXCEPTION_HANDLED'
c:\program files (x86)\windows kits\8.1\include\shared\ntstatus.h(691): warning C4005: 'DBG_CONTINUE': macro redefinition
  c:\program files (x86)\windows kits\8.1\include\um\winnt.h(2216): note: see previous definition of 'DBG_CONTINUE'
c:\program files (x86)\windows kits\8.1\include\shared\ntstatus.h(766): warning C4005: 'STATUS_SEGMENT_NOTIFICATION': macro redefinition
  c:\program files (x86)\windows kits\8.1\include\um\winnt.h(2217): note: see previous definition of 'STATUS_SEGMENT_NOTIFICATION'
c:\program files (x86)\windows kits\8.1\include\shared\ntstatus.h(929): warning C4005: 'STATUS_FATAL_APP_EXIT': macro redefinition
  c:\program files (x86)\windows kits\8.1\include\um\winnt.h(2218): note: see previous definition of 'STATUS_FATAL_APP_EXIT'
c:\program files (x86)\windows kits\8.1\include\shared\ntstatus.h(1258): warning C4005: 'DBG_TERMINATE_THREAD': macro redefinition
  c:\program files (x86)\windows kits\8.1\include\um\winnt.h(2219): note: see previous definition of 'DBG_TERMINATE_THREAD'
c:\program files (x86)\windows kits\8.1\include\shared\ntstatus.h(1267): warning C4005: 'DBG_TERMINATE_PROCESS': macro redefinition
  c:\program files (x86)\windows kits\8.1\include\um\winnt.h(2220): note: see previous definition of 'DBG_TERMINATE_PROCESS'
c:\program files (x86)\windows kits\8.1\include\shared\ntstatus.h(1276): warning C4005: 'DBG_CONTROL_C': macro redefinition
  c:\program files (x86)\windows kits\8.1\include\um\winnt.h(2221): note: see previous definition of 'DBG_CONTROL_C'
c:\program files (x86)\windows kits\8.1\include\shared\ntstatus.h(1285): warning C4005: 'DBG_PRINTEXCEPTION_C': macro redefinition
  c:\program files (x86)\windows kits\8.1\include\um\winnt.h(2222): note: see previous definition of 'DBG_PRINTEXCEPTION_C'
c:\program files (x86)\windows kits\8.1\include\shared\ntstatus.h(1294): warning C4005: 'DBG_RIPEXCEPTION': macro redefinition
  c:\program files (x86)\windows kits\8.1\include\um\winnt.h(2223): note: see previous definition of 'DBG_RIPEXCEPTION'
c:\program files (x86)\windows kits\8.1\include\shared\ntstatus.h(1303): warning C4005: 'DBG_CONTROL_BREAK': macro redefinition
  c:\program files (x86)\windows kits\8.1\include\um\winnt.h(2224): note: see previous definition of 'DBG_CONTROL_BREAK'
c:\program files (x86)\windows kits\8.1\include\shared\ntstatus.h(1312): warning C4005: 'DBG_COMMAND_EXCEPTION': macro redefinition
  c:\program files (x86)\windows kits\8.1\include\um\winnt.h(2225): note: see previous definition of 'DBG_COMMAND_EXCEPTION'
c:\program files (x86)\windows kits\8.1\include\shared\ntstatus.h(1344): warning C4005: 'STATUS_GUARD_PAGE_VIOLATION': macro redefinition
  c:\program files (x86)\windows kits\8.1\include\um\winnt.h(2226): note: see previous definition of 'STATUS_GUARD_PAGE_VIOLATION'
c:\program files (x86)\windows kits\8.1\include\shared\ntstatus.h(1355): warning C4005: 'STATUS_DATATYPE_MISALIGNMENT': macro redefinition
  c:\program files (x86)\windows kits\8.1\include\um\winnt.h(2227): note: see previous definition of 'STATUS_DATATYPE_MISALIGNMENT'
c:\program files (x86)\windows kits\8.1\include\shared\ntstatus.h(1366): warning C4005: 'STATUS_BREAKPOINT': macro redefinition
  c:\program files (x86)\windows kits\8.1\include\um\winnt.h(2228): note: see previous definition of 'STATUS_BREAKPOINT'
c:\program files (x86)\windows kits\8.1\include\shared\ntstatus.h(1377): warning C4005: 'STATUS_SINGLE_STEP': macro redefinition
  c:\program files (x86)\windows kits\8.1\include\um\winnt.h(2229): note: see previous definition of 'STATUS_SINGLE_STEP'
c:\program files (x86)\windows kits\8.1\include\shared\ntstatus.h(1680): warning C4005: 'STATUS_LONGJUMP': macro redefinition
  c:\program files (x86)\windows kits\8.1\include\um\winnt.h(2230): note: see previous definition of 'STATUS_LONGJUMP'
c:\program files (x86)\windows kits\8.1\include\shared\ntstatus.h(1707): warning C4005: 'STATUS_UNWIND_CONSOLIDATE': macro redefinition
  c:\program files (x86)\windows kits\8.1\include\um\winnt.h(2231): note: see previous definition of 'STATUS_UNWIND_CONSOLIDATE'
c:\program files (x86)\windows kits\8.1\include\shared\ntstatus.h(1784): warning C4005: 'DBG_EXCEPTION_NOT_HANDLED': macro redefinition
  c:\program files (x86)\windows kits\8.1\include\um\winnt.h(2232): note: see previous definition of 'DBG_EXCEPTION_NOT_HANDLED'
c:\program files (x86)\windows kits\8.1\include\shared\ntstatus.h(1913): warning C4005: 'STATUS_ACCESS_VIOLATION': macro redefinition
  c:\program files (x86)\windows kits\8.1\include\um\winnt.h(2233): note: see previous definition of 'STATUS_ACCESS_VIOLATION'
c:\program files (x86)\windows kits\8.1\include\shared\ntstatus.h(1922): warning C4005: 'STATUS_IN_PAGE_ERROR': macro redefinition
  c:\program files (x86)\windows kits\8.1\include\um\winnt.h(2234): note: see previous definition of 'STATUS_IN_PAGE_ERROR'
c:\program files (x86)\windows kits\8.1\include\shared\ntstatus.h(1940): warning C4005: 'STATUS_INVALID_HANDLE': macro redefinition
  c:\program files (x86)\windows kits\8.1\include\um\winnt.h(2235): note: see previous definition of 'STATUS_INVALID_HANDLE'
c:\program files (x86)\windows kits\8.1\include\shared\ntstatus.h(1985): warning C4005: 'STATUS_INVALID_PARAMETER': macro redefinition
  c:\program files (x86)\windows kits\8.1\include\um\winnt.h(2236): note: see previous definition of 'STATUS_INVALID_PARAMETER'
c:\program files (x86)\windows kits\8.1\include\shared\ntstatus.h(2085): warning C4005: 'STATUS_NO_MEMORY': macro redefinition
  c:\program files (x86)\windows kits\8.1\include\um\winnt.h(2237): note: see previous definition of 'STATUS_NO_MEMORY'
c:\program files (x86)\windows kits\8.1\include\shared\ntstatus.h(2142): warning C4005: 'STATUS_ILLEGAL_INSTRUCTION': macro redefinition
  c:\program files (x86)\windows kits\8.1\include\um\winnt.h(2238): note: see previous definition of 'STATUS_ILLEGAL_INSTRUCTION'
c:\program files (x86)\windows kits\8.1\include\shared\ntstatus.h(2223): warning C4005: 'STATUS_NONCONTINUABLE_EXCEPTION': macro redefinition
  c:\program files (x86)\windows kits\8.1\include\um\winnt.h(2239): note: see previous definition of 'STATUS_NONCONTINUABLE_EXCEPTION'
c:\program files (x86)\windows kits\8.1\include\shared\ntstatus.h(2232): warning C4005: 'STATUS_INVALID_DISPOSITION': macro redefinition
  c:\program files (x86)\windows kits\8.1\include\um\winnt.h(2240): note: see previous definition of 'STATUS_INVALID_DISPOSITION'
c:\program files (x86)\windows kits\8.1\include\shared\ntstatus.h(3155): warning C4005: 'STATUS_ARRAY_BOUNDS_EXCEEDED': macro redefinition
  c:\program files (x86)\windows kits\8.1\include\um\winnt.h(2241): note: see previous definition of 'STATUS_ARRAY_BOUNDS_EXCEEDED'
c:\program files (x86)\windows kits\8.1\include\shared\ntstatus.h(3165): warning C4005: 'STATUS_FLOAT_DENORMAL_OPERAND': macro redefinition
  c:\program files (x86)\windows kits\8.1\include\um\winnt.h(2242): note: see previous definition of 'STATUS_FLOAT_DENORMAL_OPERAND'
c:\program files (x86)\windows kits\8.1\include\shared\ntstatus.h(3175): warning C4005: 'STATUS_FLOAT_DIVIDE_BY_ZERO': macro redefinition
  c:\program files (x86)\windows kits\8.1\include\um\winnt.h(2243): note: see previous definition of 'STATUS_FLOAT_DIVIDE_BY_ZERO'
c:\program files (x86)\windows kits\8.1\include\shared\ntstatus.h(3185): warning C4005: 'STATUS_FLOAT_INEXACT_RESULT': macro redefinition
  c:\program files (x86)\windows kits\8.1\include\um\winnt.h(2244): note: see previous definition of 'STATUS_FLOAT_INEXACT_RESULT'
c:\program files (x86)\windows kits\8.1\include\shared\ntstatus.h(3195): warning C4005: 'STATUS_FLOAT_INVALID_OPERATION': macro redefinition
  c:\program files (x86)\windows kits\8.1\include\um\winnt.h(2245): note: see previous definition of 'STATUS_FLOAT_INVALID_OPERATION'
c:\program files (x86)\windows kits\8.1\include\shared\ntstatus.h(3205): warning C4005: 'STATUS_FLOAT_OVERFLOW': macro redefinition
  c:\program files (x86)\windows kits\8.1\include\um\winnt.h(2246): note: see previous definition of 'STATUS_FLOAT_OVERFLOW'
c:\program files (x86)\windows kits\8.1\include\shared\ntstatus.h(3215): warning C4005: 'STATUS_FLOAT_STACK_CHECK': macro redefinition
  c:\program files (x86)\windows kits\8.1\include\um\winnt.h(2247): note: see previous definition of 'STATUS_FLOAT_STACK_CHECK'
c:\program files (x86)\windows kits\8.1\include\shared\ntstatus.h(3225): warning C4005: 'STATUS_FLOAT_UNDERFLOW': macro redefinition
  c:\program files (x86)\windows kits\8.1\include\um\winnt.h(2248): note: see previous definition of 'STATUS_FLOAT_UNDERFLOW'
c:\program files (x86)\windows kits\8.1\include\shared\ntstatus.h(3235): warning C4005: 'STATUS_INTEGER_DIVIDE_BY_ZERO': macro redefinition
  c:\program files (x86)\windows kits\8.1\include\um\winnt.h(2249): note: see previous definition of 'STATUS_INTEGER_DIVIDE_BY_ZERO'
c:\program files (x86)\windows kits\8.1\include\shared\ntstatus.h(3245): warning C4005: 'STATUS_INTEGER_OVERFLOW': macro redefinition
  c:\program files (x86)\windows kits\8.1\include\um\winnt.h(2250): note: see previous definition of 'STATUS_INTEGER_OVERFLOW'
c:\program files (x86)\windows kits\8.1\include\shared\ntstatus.h(3255): warning C4005: 'STATUS_PRIVILEGED_INSTRUCTION': macro redefinition
  c:\program files (x86)\windows kits\8.1\include\um\winnt.h(2251): note: see previous definition of 'STATUS_PRIVILEGED_INSTRUCTION'
c:\program files (x86)\windows kits\8.1\include\shared\ntstatus.h(4201): warning C4005: 'STATUS_STACK_OVERFLOW': macro redefinition
  c:\program files (x86)\windows kits\8.1\include\um\winnt.h(2252): note: see previous definition of 'STATUS_STACK_OVERFLOW'
c:\program files (x86)\windows kits\8.1\include\shared\ntstatus.h(4718): warning C4005: 'STATUS_DLL_NOT_FOUND': macro redefinition
  c:\program files (x86)\windows kits\8.1\include\um\winnt.h(2253): note: see previous definition of 'STATUS_DLL_NOT_FOUND'
c:\program files (x86)\windows kits\8.1\include\shared\ntstatus.h(4747): warning C4005: 'STATUS_ORDINAL_NOT_FOUND': macro redefinition
  c:\program files (x86)\windows kits\8.1\include\um\winnt.h(2254): note: see previous definition of 'STATUS_ORDINAL_NOT_FOUND'
c:\program files (x86)\windows kits\8.1\include\shared\ntstatus.h(4757): warning C4005: 'STATUS_ENTRYPOINT_NOT_FOUND': macro redefinition
  c:\program files (x86)\windows kits\8.1\include\um\winnt.h(2255): note: see previous definition of 'STATUS_ENTRYPOINT_NOT_FOUND'
c:\program files (x86)\windows kits\8.1\include\shared\ntstatus.h(4767): warning C4005: 'STATUS_CONTROL_C_EXIT': macro redefinition
  c:\program files (x86)\windows kits\8.1\include\um\winnt.h(2256): note: see previous definition of 'STATUS_CONTROL_C_EXIT'
c:\program files (x86)\windows kits\8.1\include\shared\ntstatus.h(4845): warning C4005: 'STATUS_DLL_INIT_FAILED': macro redefinition
  c:\program files (x86)\windows kits\8.1\include\um\winnt.h(2257): note: see previous definition of 'STATUS_DLL_INIT_FAILED'
c:\program files (x86)\windows kits\8.1\include\shared\ntstatus.h(7319): warning C4005: 'STATUS_FLOAT_MULTIPLE_FAULTS': macro redefinition
  c:\program files (x86)\windows kits\8.1\include\um\winnt.h(2258): note: see previous definition of 'STATUS_FLOAT_MULTIPLE_FAULTS'
c:\program files (x86)\windows kits\8.1\include\shared\ntstatus.h(7329): warning C4005: 'STATUS_FLOAT_MULTIPLE_TRAPS': macro redefinition
  c:\program files (x86)\windows kits\8.1\include\um\winnt.h(2259): note: see previous definition of 'STATUS_FLOAT_MULTIPLE_TRAPS'
c:\program files (x86)\windows kits\8.1\include\shared\ntstatus.h(7461): warning C4005: 'STATUS_REG_NAT_CONSUMPTION': macro redefinition
  c:\program files (x86)\windows kits\8.1\include\um\winnt.h(2260): note: see previous definition of 'STATUS_REG_NAT_CONSUMPTION'
c:\program files (x86)\windows kits\8.1\include\shared\ntstatus.h(8435): warning C4005: 'STATUS_HEAP_CORRUPTION': macro redefinition
  c:\program files (x86)\windows kits\8.1\include\um\winnt.h(2261): note: see previous definition of 'STATUS_HEAP_CORRUPTION'
c:\program files (x86)\windows kits\8.1\include\shared\ntstatus.h(8663): warning C4005: 'STATUS_STACK_BUFFER_OVERRUN': macro redefinition
  c:\program files (x86)\windows kits\8.1\include\um\winnt.h(2262): note: see previous definition of 'STATUS_STACK_BUFFER_OVERRUN'
c:\program files (x86)\windows kits\8.1\include\shared\ntstatus.h(8790): warning C4005: 'STATUS_INVALID_CRUNTIME_PARAMETER': macro redefinition
  c:\program files (x86)\windows kits\8.1\include\um\winnt.h(2263): note: see previous definition of 'STATUS_INVALID_CRUNTIME_PARAMETER'
c:\program files (x86)\windows kits\8.1\include\shared\ntstatus.h(8853): warning C4005: 'STATUS_ASSERTION_FAILURE': macro redefinition
  c:\program files (x86)\windows kits\8.1\include\um\winnt.h(2264): note: see previous definition of 'STATUS_ASSERTION_FAILURE'
c:\program files (x86)\windows kits\8.1\include\shared\ntstatus.h(12894): warning C4005: 'STATUS_SXS_EARLY_DEACTIVATION': macro redefinition
  c:\program files (x86)\windows kits\8.1\include\um\winnt.h(2266): note: see previous definition of 'STATUS_SXS_EARLY_DEACTIVATION'
c:\program files (x86)\windows kits\8.1\include\shared\ntstatus.h(12903): warning C4005: 'STATUS_SXS_INVALID_DEACTIVATION': macro redefinition
  c:\program files (x86)\windows kits\8.1\include\um\winnt.h(2267): note: see previous definition of 'STATUS_SXS_INVALID_DEACTIVATION'
c:\users\gtx\documents\visual studio 2015\projects\consoleapplication2\consoleapplication2\anaa1.hpp(118): warning C4102: 'GiveHandleInheritable': unreferenced label
c:\users\gtx\documents\visual studio 2015\projects\consoleapplication2\consoleapplication2\anaa1.hpp(491): warning C4018: '<': signed/unsigned mismatch
  ConsoleApplication2.vcxproj -> c:\Users\GTX\Documents\Visual Studio 2015\Projects\ConsoleApplication2\Debug\ConsoleApplication2.exe
  ConsoleApplication2.vcxproj -> c:\Users\GTX\Documents\Visual Studio 2015\Projects\ConsoleApplication2\Debug\ConsoleApplication2.pdb (Full PDB)
